2021-01-19 09:20:40.233  INFO 29072 --- [main] c.j.elk.ElkStackExampleApplicationTests  : Starting ElkStackExampleApplicationTests on komaldua with PID 29072 (started by komaldua in D:\Learning\elk-stack-logging)
2021-01-19 09:20:40.237  INFO 29072 --- [main] c.j.elk.ElkStackExampleApplicationTests  : No active profile set, falling back to default profiles: default
2021-01-19 09:20:42.411  INFO 29072 --- [main] o.s.s.concurrent.ThreadPoolTaskExecutor  : Initializing ExecutorService 'applicationTaskExecutor'
2021-01-19 09:20:42.840  INFO 29072 --- [main] c.j.elk.ElkStackExampleApplicationTests  : Started ElkStackExampleApplicationTests in 3.454 seconds (JVM running for 5.307)
2021-01-19 09:20:43.261  INFO 29072 --- [SpringContextShutdownHook] o.s.s.concurrent.ThreadPoolTaskExecutor  : Shutting down ExecutorService 'applicationTaskExecutor'
2021-01-19 09:29:52.921  INFO 18156 --- [main] c.j.elk.ElkStackExampleApplication       : Starting ElkStackExampleApplication v0.0.1-SNAPSHOT on komaldua with PID 18156 (D:\Learning\elk-stack-logging\target\elk-stack-0.0.1-SNAPSHOT.jar started by komaldua in D:\Learning\elk-stack-logging)
2021-01-19 09:29:52.927  INFO 18156 --- [main] c.j.elk.ElkStackExampleApplication       : No active profile set, falling back to default profiles: default
2021-01-19 09:29:54.528  INFO 18156 --- [main] o.s.b.w.embedded.tomcat.TomcatWebServer  : Tomcat initialized with port(s): 9898 (http)
2021-01-19 09:29:54.544  INFO 18156 --- [main] o.apache.catalina.core.StandardService   : Starting service [Tomcat]
2021-01-19 09:29:54.544  INFO 18156 --- [main] org.apache.catalina.core.StandardEngine  : Starting Servlet engine: [Apache Tomcat/9.0.33]
2021-01-19 09:29:55.102  INFO 18156 --- [main] o.a.c.c.C.[Tomcat].[localhost].[/]       : Initializing Spring embedded WebApplicationContext
2021-01-19 09:29:55.102  INFO 18156 --- [main] o.s.web.context.ContextLoader            : Root WebApplicationContext: initialization completed in 2106 ms
2021-01-19 09:29:55.296  INFO 18156 --- [main] o.s.s.concurrent.ThreadPoolTaskExecutor  : Initializing ExecutorService 'applicationTaskExecutor'
2021-01-19 09:29:55.497  INFO 18156 --- [main] o.s.b.w.embedded.tomcat.TomcatWebServer  : Tomcat started on port(s): 9898 (http) with context path ''
2021-01-19 09:29:55.501  INFO 18156 --- [main] c.j.elk.ElkStackExampleApplication       : Started ElkStackExampleApplication in 3.245 seconds (JVM running for 3.961)
2021-01-19 10:16:23.756  INFO 18156 --- [http-nio-9898-exec-1] o.a.c.c.C.[Tomcat].[localhost].[/]       : Initializing Spring DispatcherServlet 'dispatcherServlet'
2021-01-19 10:16:23.761  INFO 18156 --- [http-nio-9898-exec-1] o.s.web.servlet.DispatcherServlet        : Initializing Servlet 'dispatcherServlet'
2021-01-19 10:16:23.814  INFO 18156 --- [http-nio-9898-exec-1] o.s.web.servlet.DispatcherServlet        : Completed initialization in 52 ms
2021-01-19 10:16:23.933  INFO 18156 --- [http-nio-9898-exec-1] c.j.elk.ElkStackExampleApplication       : user found : User(id=1, name=John)
2021-01-19 10:16:56.187  INFO 18156 --- [http-nio-9898-exec-3] c.j.elk.ElkStackExampleApplication       : user found : User(id=1, name=John)
2021-01-19 10:19:44.373  INFO 18156 --- [http-nio-9898-exec-5] c.j.elk.ElkStackExampleApplication       : user found : User(id=2, name=Shyam)
2021-01-19 10:20:47.735 ERROR 18156 --- [http-nio-9898-exec-7] c.j.elk.ElkStackExampleApplication       : User Not Found with ID : 21
2021-01-19 10:20:50.253 ERROR 18156 --- [http-nio-9898-exec-8] c.j.elk.ElkStackExampleApplication       : User Not Found with ID : 21
2021-01-19 10:20:50.752 ERROR 18156 --- [http-nio-9898-exec-9] c.j.elk.ElkStackExampleApplication       : User Not Found with ID : 21
2021-01-19 10:22:23.394 ERROR 18156 --- [http-nio-9898-exec-1] c.j.elk.ElkStackExampleApplication       : User Not Found with ID : 21
2021-01-19 10:22:23.725 ERROR 18156 --- [http-nio-9898-exec-2] c.j.elk.ElkStackExampleApplication       : User Not Found with ID : 21
2021-01-19 10:23:04.373 ERROR 18156 --- [http-nio-9898-exec-3] c.j.elk.ElkStackExampleApplication       : User Not Found with ID : 21
2021-01-19 10:23:05.200 ERROR 18156 --- [http-nio-9898-exec-4] c.j.elk.ElkStackExampleApplication       : User Not Found with ID : 21
2021-01-19 10:25:33.675  INFO 18156 --- [http-nio-9898-exec-6] c.j.elk.ElkStackExampleApplication       : user found : User(id=4, name=mak)
2021-01-19 10:34:39.043  INFO 27384 --- [main] c.j.elk.ElkStackExampleApplication       : Starting ElkStackExampleApplication on komaldua with PID 27384 (D:\Learning\elk-stack-logging\target\classes started by komaldua in D:\Learning\elk-stack-logging)
2021-01-19 10:34:39.047  INFO 27384 --- [main] c.j.elk.ElkStackExampleApplication       : No active profile set, falling back to default profiles: default
2021-01-19 10:34:40.419  INFO 27384 --- [main] o.s.b.w.embedded.tomcat.TomcatWebServer  : Tomcat initialized with port(s): 9898 (http)
2021-01-19 10:34:40.430  INFO 27384 --- [main] o.apache.catalina.core.StandardService   : Starting service [Tomcat]
2021-01-19 10:34:40.431  INFO 27384 --- [main] org.apache.catalina.core.StandardEngine  : Starting Servlet engine: [Apache Tomcat/9.0.33]
2021-01-19 10:34:40.516  INFO 27384 --- [main] o.a.c.c.C.[Tomcat].[localhost].[/]       : Initializing Spring embedded WebApplicationContext
2021-01-19 10:34:40.517  INFO 27384 --- [main] o.s.web.context.ContextLoader            : Root WebApplicationContext: initialization completed in 1415 ms
2021-01-19 10:34:40.674  INFO 27384 --- [main] o.s.s.concurrent.ThreadPoolTaskExecutor  : Initializing ExecutorService 'applicationTaskExecutor'
2021-01-19 10:34:40.824  INFO 27384 --- [main] o.s.b.w.embedded.tomcat.TomcatWebServer  : Tomcat started on port(s): 9898 (http) with context path ''
2021-01-19 10:34:40.828  INFO 27384 --- [main] c.j.elk.ElkStackExampleApplication       : Started ElkStackExampleApplication in 2.293 seconds (JVM running for 2.93)
2021-01-19 10:34:45.624  INFO 27384 --- [http-nio-9898-exec-1] o.a.c.c.C.[Tomcat].[localhost].[/]       : Initializing Spring DispatcherServlet 'dispatcherServlet'
2021-01-19 10:34:45.625  INFO 27384 --- [http-nio-9898-exec-1] o.s.web.servlet.DispatcherServlet        : Initializing Servlet 'dispatcherServlet'
2021-01-19 10:34:45.635  INFO 27384 --- [http-nio-9898-exec-1] o.s.web.servlet.DispatcherServlet        : Completed initialization in 7 ms
2021-01-19 10:34:45.687  INFO 27384 --- [http-nio-9898-exec-1] c.j.elk.ElkStackExampleApplication       : user found : User(id=4, name=mak)
2021-01-19 10:35:29.436  INFO 27384 --- [http-nio-9898-exec-2] c.j.elk.ElkStackExampleApplication       : user found : User(id=4, name=mak)
2021-01-19 10:35:39.813  INFO 27384 --- [http-nio-9898-exec-3] c.j.elk.ElkStackExampleApplication       : user found : User(id=4, name=mak)
2021-01-19 10:35:40.264  INFO 27384 --- [http-nio-9898-exec-4] c.j.elk.ElkStackExampleApplication       : user found : User(id=4, name=mak)
2021-01-19 10:35:40.577  INFO 27384 --- [http-nio-9898-exec-5] c.j.elk.ElkStackExampleApplication       : user found : User(id=4, name=mak)
2021-01-19 10:47:30.956  INFO 27384 --- [http-nio-9898-exec-7] c.j.elk.ElkStackExampleApplication       : user found : User(id=4, name=mak)
2021-01-19 10:47:34.520  INFO 27384 --- [http-nio-9898-exec-8] c.j.elk.ElkStackExampleApplication       : user found : User(id=4, name=mak)
2021-01-19 10:47:34.962  INFO 27384 --- [http-nio-9898-exec-9] c.j.elk.ElkStackExampleApplication       : user found : User(id=4, name=mak)
2021-01-19 10:47:37.743  INFO 27384 --- [http-nio-9898-exec-10] c.j.elk.ElkStackExampleApplication       : user found : User(id=3, name=Rony)
2021-01-19 10:47:39.083  INFO 27384 --- [http-nio-9898-exec-1] c.j.elk.ElkStackExampleApplication       : user found : User(id=3, name=Rony)
2021-01-19 10:53:49.128  INFO 27384 --- [http-nio-9898-exec-3] c.j.elk.ElkStackExampleApplication       : user found : User(id=3, name=Rony)
2021-01-19 10:55:10.613  INFO 27384 --- [http-nio-9898-exec-5] c.j.elk.ElkStackExampleApplication       : user found : User(id=3, name=Rony)
2021-01-19 10:55:37.656  INFO 27384 --- [http-nio-9898-exec-6] c.j.elk.ElkStackExampleApplication       : user found : User(id=4, name=mak)
2021-01-19 11:00:17.008  INFO 27384 --- [http-nio-9898-exec-8] c.j.elk.ElkStackExampleApplication       : user found : User(id=4, name=mak)
2021-01-19 11:09:54.109  INFO 27384 --- [http-nio-9898-exec-10] c.j.elk.ElkStackExampleApplication       : user found : User(id=4, name=mak)
2021-01-19 11:10:21.080  INFO 27384 --- [http-nio-9898-exec-1] c.j.elk.ElkStackExampleApplication       : user found : User(id=4, name=mak)
2021-01-19 11:10:21.913  INFO 27384 --- [http-nio-9898-exec-2] c.j.elk.ElkStackExampleApplication       : user found : User(id=4, name=mak)
2021-01-19 11:14:36.787  INFO 27384 --- [http-nio-9898-exec-4] c.j.elk.ElkStackExampleApplication       : user found : User(id=4, name=mak)
2021-01-19 11:14:39.871  INFO 27384 --- [http-nio-9898-exec-5] c.j.elk.ElkStackExampleApplication       : user found : User(id=4, name=mak)
2021-01-19 11:21:28.799  INFO 27384 --- [http-nio-9898-exec-7] c.j.elk.ElkStackExampleApplication       : user found : User(id=4, name=mak)
2021-01-19 11:21:29.041  INFO 27384 --- [http-nio-9898-exec-8] c.j.elk.ElkStackExampleApplication       : user found : User(id=4, name=mak)
2021-01-19 11:21:29.227  INFO 27384 --- [http-nio-9898-exec-9] c.j.elk.ElkStackExampleApplication       : user found : User(id=4, name=mak)
2021-01-19 11:21:29.438  INFO 27384 --- [http-nio-9898-exec-10] c.j.elk.ElkStackExampleApplication       : user found : User(id=4, name=mak)
2021-01-19 11:29:29.425  INFO 27384 --- [http-nio-9898-exec-2] c.j.elk.ElkStackExampleApplication       : user found : User(id=4, name=mak)
2021-01-19 11:30:25.579  INFO 27384 --- [http-nio-9898-exec-3] c.j.elk.ElkStackExampleApplication       : user found : User(id=3, name=Rony)
2021-01-19 11:36:17.163  INFO 27384 --- [http-nio-9898-exec-5] c.j.elk.ElkStackExampleApplication       : user found : User(id=2, name=Shyam)
2021-01-19 11:37:29.502  INFO 27384 --- [http-nio-9898-exec-7] c.j.elk.ElkStackExampleApplication       : user found : User(id=2, name=Shyam)
2021-01-19 11:45:17.375  INFO 27384 --- [http-nio-9898-exec-9] c.j.elk.ElkStackExampleApplication       : user found : User(id=2, name=Shyam)
2021-01-19 13:05:44.272  INFO 20384 --- [main] com.nag.elk.ElkStackExampleApplication   : Starting ElkStackExampleApplication on komaldua with PID 20384 (D:\Learning\elk-stack-logging\target\classes started by komaldua in D:\Learning\Splunk-Sleuth)
2021-01-19 13:05:44.281  INFO 20384 --- [main] com.nag.elk.ElkStackExampleApplication   : No active profile set, falling back to default profiles: default
2021-01-19 13:05:47.651  INFO 20384 --- [main] o.s.b.w.embedded.tomcat.TomcatWebServer  : Tomcat initialized with port(s): 9898 (http)
2021-01-19 13:05:47.670  INFO 20384 --- [main] o.apache.catalina.core.StandardService   : Starting service [Tomcat]
2021-01-19 13:05:47.671  INFO 20384 --- [main] org.apache.catalina.core.StandardEngine  : Starting Servlet engine: [Apache Tomcat/9.0.33]
2021-01-19 13:05:47.927  INFO 20384 --- [main] o.a.c.c.C.[Tomcat].[localhost].[/]       : Initializing Spring embedded WebApplicationContext
2021-01-19 13:05:47.927  INFO 20384 --- [main] o.s.web.context.ContextLoader            : Root WebApplicationContext: initialization completed in 3497 ms
2021-01-19 13:05:48.247  INFO 20384 --- [main] o.s.s.concurrent.ThreadPoolTaskExecutor  : Initializing ExecutorService 'applicationTaskExecutor'
2021-01-19 13:05:48.570  INFO 20384 --- [main] o.apache.catalina.core.StandardService   : Stopping service [Tomcat]
2021-01-19 13:05:48.583  INFO 20384 --- [main] ConditionEvaluationReportLoggingListener : 

Error starting ApplicationContext. To display the conditions report re-run your application with 'debug' enabled.
2021-01-19 13:05:48.587 ERROR 20384 --- [main] o.s.b.d.LoggingFailureAnalysisReporter   : 

***************************
APPLICATION FAILED TO START
***************************

Description:

Web server failed to start. Port 9898 was already in use.

Action:

Identify and stop the process that's listening on port 9898 or configure this application to listen on another port.

2021-01-19 13:05:48.592  INFO 20384 --- [main] o.s.s.concurrent.ThreadPoolTaskExecutor  : Shutting down ExecutorService 'applicationTaskExecutor'
2021-01-19 13:06:24.250  INFO 16712 --- [main] com.nag.elk.ElkStackExampleApplication   : Starting ElkStackExampleApplication on komaldua with PID 16712 (D:\Learning\elk-stack-logging\target\classes started by komaldua in D:\Learning\Splunk-Sleuth)
2021-01-19 13:06:24.257  INFO 16712 --- [main] com.nag.elk.ElkStackExampleApplication   : No active profile set, falling back to default profiles: default
2021-01-19 13:06:28.599  INFO 16712 --- [main] o.s.b.w.embedded.tomcat.TomcatWebServer  : Tomcat initialized with port(s): 9898 (http)
2021-01-19 13:06:28.622  INFO 16712 --- [main] o.apache.catalina.core.StandardService   : Starting service [Tomcat]
2021-01-19 13:06:28.623  INFO 16712 --- [main] org.apache.catalina.core.StandardEngine  : Starting Servlet engine: [Apache Tomcat/9.0.33]
2021-01-19 13:06:28.877  INFO 16712 --- [main] o.a.c.c.C.[Tomcat].[localhost].[/]       : Initializing Spring embedded WebApplicationContext
2021-01-19 13:06:28.877  INFO 16712 --- [main] o.s.web.context.ContextLoader            : Root WebApplicationContext: initialization completed in 4414 ms
2021-01-19 13:06:29.309  INFO 16712 --- [main] o.s.s.concurrent.ThreadPoolTaskExecutor  : Initializing ExecutorService 'applicationTaskExecutor'
2021-01-19 13:06:29.891  INFO 16712 --- [main] o.s.b.w.embedded.tomcat.TomcatWebServer  : Tomcat started on port(s): 9898 (http) with context path ''
2021-01-19 13:06:29.898  INFO 16712 --- [main] com.nag.elk.ElkStackExampleApplication   : Started ElkStackExampleApplication in 6.897 seconds (JVM running for 8.085)
2021-01-19 13:07:18.609  INFO 16712 --- [http-nio-9898-exec-1] o.a.c.c.C.[Tomcat].[localhost].[/]       : Initializing Spring DispatcherServlet 'dispatcherServlet'
2021-01-19 13:07:18.610  INFO 16712 --- [http-nio-9898-exec-1] o.s.web.servlet.DispatcherServlet        : Initializing Servlet 'dispatcherServlet'
2021-01-19 13:07:18.623  INFO 16712 --- [http-nio-9898-exec-1] o.s.web.servlet.DispatcherServlet        : Completed initialization in 13 ms
2021-01-19 13:07:18.698  INFO 16712 --- [http-nio-9898-exec-1] com.nag.elk.ElkStackExampleApplication   : user found : User(id=2, name=Shyam)
2021-01-19 13:17:24.638  INFO [ELK-STACK-EXAMPLE,,,] 28260 --- [main] com.nag.elk.ElkStackExampleApplication   : No active profile set, falling back to default profiles: default
2021-01-19 13:17:26.216  INFO [ELK-STACK-EXAMPLE,,,] 28260 --- [main] o.s.cloud.context.scope.GenericScope     : BeanFactory id=c20f3ad5-8da7-3cc7-90c7-daa33aaaf2b0
2021-01-19 13:17:28.566  INFO [ELK-STACK-EXAMPLE,,,] 28260 --- [main] o.s.b.w.embedded.tomcat.TomcatWebServer  : Tomcat initialized with port(s): 9898 (http)
2021-01-19 13:17:28.595  INFO [ELK-STACK-EXAMPLE,,,] 28260 --- [main] o.apache.catalina.core.StandardService   : Starting service [Tomcat]
2021-01-19 13:17:28.595  INFO [ELK-STACK-EXAMPLE,,,] 28260 --- [main] org.apache.catalina.core.StandardEngine  : Starting Servlet engine: [Apache Tomcat/9.0.33]
2021-01-19 13:17:28.963  INFO [ELK-STACK-EXAMPLE,,,] 28260 --- [main] o.a.c.c.C.[Tomcat].[localhost].[/]       : Initializing Spring embedded WebApplicationContext
2021-01-19 13:17:28.964  INFO [ELK-STACK-EXAMPLE,,,] 28260 --- [main] o.s.web.context.ContextLoader            : Root WebApplicationContext: initialization completed in 4276 ms
2021-01-19 13:17:30.810  INFO [ELK-STACK-EXAMPLE,,,] 28260 --- [main] o.s.s.concurrent.ThreadPoolTaskExecutor  : Initializing ExecutorService 'applicationTaskExecutor'
2021-01-19 13:17:32.642  INFO [ELK-STACK-EXAMPLE,,,] 28260 --- [main] o.s.b.w.embedded.tomcat.TomcatWebServer  : Tomcat started on port(s): 9898 (http) with context path ''
2021-01-19 13:17:33.761  INFO [ELK-STACK-EXAMPLE,,,] 28260 --- [main] com.nag.elk.ElkStackExampleApplication   : Started ElkStackExampleApplication in 15.2 seconds (JVM running for 16.672)
2021-01-19 13:17:41.536  INFO [ELK-STACK-EXAMPLE,,,] 28260 --- [http-nio-9898-exec-1] o.a.c.c.C.[Tomcat].[localhost].[/]       : Initializing Spring DispatcherServlet 'dispatcherServlet'
2021-01-19 13:17:41.537  INFO [ELK-STACK-EXAMPLE,,,] 28260 --- [http-nio-9898-exec-1] o.s.web.servlet.DispatcherServlet        : Initializing Servlet 'dispatcherServlet'
2021-01-19 13:17:41.560  INFO [ELK-STACK-EXAMPLE,,,] 28260 --- [http-nio-9898-exec-1] o.s.web.servlet.DispatcherServlet        : Completed initialization in 22 ms
2021-01-19 13:17:41.629  INFO [ELK-STACK-EXAMPLE,66388663f26e1582,66388663f26e1582,true] 28260 --- [http-nio-9898-exec-1] com.nag.elk.ElkStackExampleApplication   : user found : User(id=2, name=Shyam)
2021-01-19 14:19:08.178  INFO [ELK-STACK-EXAMPLE,898004b7504f7c25,898004b7504f7c25,true] 28260 --- [http-nio-9898-exec-3] com.nag.elk.ElkStackExampleApplication   : user found : User(id=2, name=Shyam)
2021-01-19 14:19:08.659  INFO [ELK-STACK-EXAMPLE,a30c973b8bf47667,a30c973b8bf47667,true] 28260 --- [http-nio-9898-exec-4] com.nag.elk.ElkStackExampleApplication   : user found : User(id=2, name=Shyam)
2021-01-19 14:19:08.906  INFO [ELK-STACK-EXAMPLE,3c34fd858d02561c,3c34fd858d02561c,true] 28260 --- [http-nio-9898-exec-5] com.nag.elk.ElkStackExampleApplication   : user found : User(id=2, name=Shyam)
2021-01-19 14:19:09.195  INFO [ELK-STACK-EXAMPLE,045b542a00f49a0f,045b542a00f49a0f,true] 28260 --- [http-nio-9898-exec-6] com.nag.elk.ElkStackExampleApplication   : user found : User(id=2, name=Shyam)
2021-01-19 14:19:11.763  INFO [ELK-STACK-EXAMPLE,312d3c6cd71c5005,312d3c6cd71c5005,true] 28260 --- [http-nio-9898-exec-7] com.nag.elk.ElkStackExampleApplication   : user found : User(id=4, name=mak)
2021-01-19 14:19:14.426 ERROR [ELK-STACK-EXAMPLE,da10c1a2a75d9a11,da10c1a2a75d9a11,true] 28260 --- [http-nio-9898-exec-8] com.nag.elk.ElkStackExampleApplication   : User Not Found with ID : 44
2021-01-19 14:36:33.280 ERROR [ELK-STACK-EXAMPLE,7adf08077eab167e,7adf08077eab167e,true] 28260 --- [http-nio-9898-exec-10] com.nag.elk.ElkStackExampleApplication   : User Not Found with ID : 44
2021-01-19 14:36:33.723 ERROR [ELK-STACK-EXAMPLE,de1ebcadd7dcb265,de1ebcadd7dcb265,true] 28260 --- [http-nio-9898-exec-1] com.nag.elk.ElkStackExampleApplication   : User Not Found with ID : 44
2021-01-19 14:38:37.037 ERROR [ELK-STACK-EXAMPLE,dc830b6f1985c8a3,dc830b6f1985c8a3,true] 28260 --- [http-nio-9898-exec-3] com.nag.elk.ElkStackExampleApplication   : User Not Found with ID : 44
2021-01-19 14:38:44.055 ERROR [ELK-STACK-EXAMPLE,f25a69d818892844,f25a69d818892844,true] 28260 --- [http-nio-9898-exec-4] com.nag.elk.ElkStackExampleApplication   : User Not Found with ID : 44
2021-01-19 14:43:18.217 ERROR [ELK-STACK-EXAMPLE,e48667eaa446fdc7,e48667eaa446fdc7,true] 28260 --- [http-nio-9898-exec-6] com.nag.elk.ElkStackExampleApplication   : User Not Found with ID : 44
2021-01-19 14:43:18.592 ERROR [ELK-STACK-EXAMPLE,5ac72853ad315b26,5ac72853ad315b26,true] 28260 --- [http-nio-9898-exec-7] com.nag.elk.ElkStackExampleApplication   : User Not Found with ID : 44
2021-01-19 14:45:17.669 ERROR [ELK-STACK-EXAMPLE,f7a4c295c8b39e24,f7a4c295c8b39e24,true] 28260 --- [http-nio-9898-exec-9] com.nag.elk.ElkStackExampleApplication   : User Not Found with ID : 44
2021-01-19 14:45:21.157 ERROR [ELK-STACK-EXAMPLE,5d3fecb513034e4d,5d3fecb513034e4d,true] 28260 --- [http-nio-9898-exec-10] com.nag.elk.ElkStackExampleApplication   : User Not Found with ID : 44
2021-01-19 14:49:08.116  INFO [ELK-STACK-EXAMPLE,cd0df41dfab48765,cd0df41dfab48765,true] 28260 --- [http-nio-9898-exec-2] com.nag.elk.ElkStackExampleApplication   : user found : User(id=4, name=mak)
2021-01-19 14:53:18.601  INFO [ELK-STACK-EXAMPLE,573e859048bd495f,573e859048bd495f,true] 28260 --- [http-nio-9898-exec-4] com.nag.elk.ElkStackExampleApplication   : user found : User(id=4, name=mak)
2021-01-19 14:53:19.146  INFO [ELK-STACK-EXAMPLE,178825a710d77285,178825a710d77285,true] 28260 --- [http-nio-9898-exec-5] com.nag.elk.ElkStackExampleApplication   : user found : User(id=4, name=mak)
2021-01-19 15:01:05.122  INFO [ELK-STACK-EXAMPLE,d5dd19ce91154320,d5dd19ce91154320,true] 28260 --- [http-nio-9898-exec-7] com.nag.elk.ElkStackExampleApplication   : user found : User(id=4, name=mak)
2021-01-19 15:01:05.318  INFO [ELK-STACK-EXAMPLE,90c4e76c46fe8a4b,90c4e76c46fe8a4b,true] 28260 --- [http-nio-9898-exec-8] com.nag.elk.ElkStackExampleApplication   : user found : User(id=4, name=mak)
2021-01-19 15:01:05.532  INFO [ELK-STACK-EXAMPLE,6a975a1ee60664ad,6a975a1ee60664ad,true] 28260 --- [http-nio-9898-exec-9] com.nag.elk.ElkStackExampleApplication   : user found : User(id=4, name=mak)
2021-01-19 15:01:05.718  INFO [ELK-STACK-EXAMPLE,55cfc7560732bf51,55cfc7560732bf51,true] 28260 --- [http-nio-9898-exec-10] com.nag.elk.ElkStackExampleApplication   : user found : User(id=4, name=mak)
2021-01-19 16:50:24.546  INFO [ELK-STACK-EXAMPLE,c7b51efbf9a07e09,c7b51efbf9a07e09,true] 28260 --- [http-nio-9898-exec-2] com.nag.elk.ElkStackExampleApplication   : user found : User(id=4, name=mak)
2021-01-19 16:57:43.015  INFO [ELK-STACK-EXAMPLE,55f17c9242920a14,55f17c9242920a14,true] 28260 --- [http-nio-9898-exec-4] com.nag.elk.ElkStackExampleApplication   : user found : User(id=4, name=mak)
2021-01-19 16:57:43.326  INFO [ELK-STACK-EXAMPLE,bed2e0c0fd782f3b,bed2e0c0fd782f3b,true] 28260 --- [http-nio-9898-exec-5] com.nag.elk.ElkStackExampleApplication   : user found : User(id=4, name=mak)
2021-01-19 16:57:43.548  INFO [ELK-STACK-EXAMPLE,e8ad8f640f23dfd6,e8ad8f640f23dfd6,true] 28260 --- [http-nio-9898-exec-6] com.nag.elk.ElkStackExampleApplication   : user found : User(id=4, name=mak)
2021-01-19 17:00:30.470  INFO [ELK-STACK-EXAMPLE,6a6a04e7f63ad34c,6a6a04e7f63ad34c,true] 28260 --- [http-nio-9898-exec-8] com.nag.elk.ElkStackExampleApplication   : user found : User(id=4, name=mak)
2021-01-19 17:00:56.370  INFO [ELK-STACK-EXAMPLE,bd9c04010f643600,bd9c04010f643600,true] 28260 --- [http-nio-9898-exec-9] com.nag.elk.ElkStackExampleApplication   : user found : User(id=4, name=mak)
2021-01-19 17:04:48.914  INFO [ELK-STACK-EXAMPLE,702b53fe2dad016e,702b53fe2dad016e,true] 28260 --- [http-nio-9898-exec-1] com.nag.elk.ElkStackExampleApplication   : user found : User(id=4, name=mak)
2021-01-19 17:05:27.235  INFO [ELK-STACK-EXAMPLE,29fa438e3ed2871e,29fa438e3ed2871e,true] 28260 --- [http-nio-9898-exec-2] com.nag.elk.ElkStackExampleApplication   : user found : User(id=4, name=mak)
2021-01-19 17:05:27.432  INFO [ELK-STACK-EXAMPLE,088a36cf60ffcdb5,088a36cf60ffcdb5,true] 28260 --- [http-nio-9898-exec-3] com.nag.elk.ElkStackExampleApplication   : user found : User(id=4, name=mak)
2021-01-19 17:05:27.670  INFO [ELK-STACK-EXAMPLE,05de147c02dcdf56,05de147c02dcdf56,true] 28260 --- [http-nio-9898-exec-4] com.nag.elk.ElkStackExampleApplication   : user found : User(id=4, name=mak)
2021-01-19 17:07:30.898  INFO [ELK-STACK-EXAMPLE,d6e366047ba5de52,d6e366047ba5de52,true] 28260 --- [http-nio-9898-exec-6] com.nag.elk.ElkStackExampleApplication   : user found : User(id=3, name=Rony)
2021-01-19 17:07:32.708  INFO [ELK-STACK-EXAMPLE,ea4d6ceb16990e62,ea4d6ceb16990e62,true] 28260 --- [http-nio-9898-exec-7] com.nag.elk.ElkStackExampleApplication   : user found : User(id=3, name=Rony)
2021-01-19 17:07:33.147  INFO [ELK-STACK-EXAMPLE,3f23dad05c337926,3f23dad05c337926,true] 28260 --- [http-nio-9898-exec-8] com.nag.elk.ElkStackExampleApplication   : user found : User(id=3, name=Rony)
2021-01-19 17:07:33.366  INFO [ELK-STACK-EXAMPLE,583e4b6b35ef1d27,583e4b6b35ef1d27,true] 28260 --- [http-nio-9898-exec-9] com.nag.elk.ElkStackExampleApplication   : user found : User(id=3, name=Rony)
2021-01-19 17:07:33.594  INFO [ELK-STACK-EXAMPLE,0455ab0ff38ef8c6,0455ab0ff38ef8c6,true] 28260 --- [http-nio-9898-exec-10] com.nag.elk.ElkStackExampleApplication   : user found : User(id=3, name=Rony)
2021-01-19 17:08:22.408  INFO [ELK-STACK-EXAMPLE,fa2b71587dec65a5,fa2b71587dec65a5,true] 28260 --- [http-nio-9898-exec-1] com.nag.elk.ElkStackExampleApplication   : user found : User(id=3, name=Rony)
2021-01-19 17:08:34.786  INFO [ELK-STACK-EXAMPLE,c4185a54ac990af4,c4185a54ac990af4,true] 28260 --- [http-nio-9898-exec-2] com.nag.elk.ElkStackExampleApplication   : user found : User(id=3, name=Rony)
2021-01-19 17:08:35.228  INFO [ELK-STACK-EXAMPLE,1b6ffc759a595f87,1b6ffc759a595f87,true] 28260 --- [http-nio-9898-exec-3] com.nag.elk.ElkStackExampleApplication   : user found : User(id=3, name=Rony)
2021-01-19 17:08:35.445  INFO [ELK-STACK-EXAMPLE,d80cddc21bba01ff,d80cddc21bba01ff,true] 28260 --- [http-nio-9898-exec-4] com.nag.elk.ElkStackExampleApplication   : user found : User(id=3, name=Rony)
2021-01-19 17:09:26.198  INFO [ELK-STACK-EXAMPLE,a750dc70b7abf1b2,a750dc70b7abf1b2,true] 28260 --- [http-nio-9898-exec-5] com.nag.elk.ElkStackExampleApplication   : user found : User(id=3, name=Rony)
2021-01-19 17:09:46.211  INFO [ELK-STACK-EXAMPLE,d9379327b032683e,d9379327b032683e,true] 28260 --- [http-nio-9898-exec-6] com.nag.elk.ElkStackExampleApplication   : user found : User(id=3, name=Rony)
2021-01-19 17:09:46.424  INFO [ELK-STACK-EXAMPLE,fd92a41849382fb3,fd92a41849382fb3,true] 28260 --- [http-nio-9898-exec-7] com.nag.elk.ElkStackExampleApplication   : user found : User(id=3, name=Rony)
2021-01-19 17:09:46.657  INFO [ELK-STACK-EXAMPLE,e13f8e7636c97c5e,e13f8e7636c97c5e,true] 28260 --- [http-nio-9898-exec-8] com.nag.elk.ElkStackExampleApplication   : user found : User(id=3, name=Rony)
2021-01-19 17:11:56.685  INFO [ELK-STACK-EXAMPLE,fc7a949e82c97bae,fc7a949e82c97bae,true] 28260 --- [http-nio-9898-exec-10] com.nag.elk.ElkStackExampleApplication   : user found : User(id=3, name=Rony)
2021-01-19 17:11:56.895  INFO [ELK-STACK-EXAMPLE,c68d96ef0e904ed2,c68d96ef0e904ed2,true] 28260 --- [http-nio-9898-exec-1] com.nag.elk.ElkStackExampleApplication   : user found : User(id=3, name=Rony)
2021-01-19 17:11:57.108  INFO [ELK-STACK-EXAMPLE,6532741a21320814,6532741a21320814,true] 28260 --- [http-nio-9898-exec-2] com.nag.elk.ElkStackExampleApplication   : user found : User(id=3, name=Rony)
2021-01-19 17:12:43.541  INFO [ELK-STACK-EXAMPLE,06599ea3455f2213,06599ea3455f2213,true] 28260 --- [http-nio-9898-exec-3] com.nag.elk.ElkStackExampleApplication   : user found : User(id=3, name=Rony)
2021-01-19 17:12:55.564  INFO [ELK-STACK-EXAMPLE,0ad8f5a591ccf9eb,0ad8f5a591ccf9eb,true] 28260 --- [http-nio-9898-exec-4] com.nag.elk.ElkStackExampleApplication   : user found : User(id=3, name=Rony)
2021-01-19 17:14:50.354  INFO [ELK-STACK-EXAMPLE,7e0d6585249a110a,7e0d6585249a110a,true] 28260 --- [http-nio-9898-exec-6] com.nag.elk.ElkStackExampleApplication   : user found : User(id=3, name=Rony)
2021-01-19 17:14:50.584  INFO [ELK-STACK-EXAMPLE,86abab0fcc8ebf96,86abab0fcc8ebf96,true] 28260 --- [http-nio-9898-exec-7] com.nag.elk.ElkStackExampleApplication   : user found : User(id=3, name=Rony)
2021-01-19 17:14:50.803  INFO [ELK-STACK-EXAMPLE,aa9c5ec097b4d170,aa9c5ec097b4d170,true] 28260 --- [http-nio-9898-exec-8] com.nag.elk.ElkStackExampleApplication   : user found : User(id=3, name=Rony)
2021-01-19 17:14:51.015  INFO [ELK-STACK-EXAMPLE,45e740358303f001,45e740358303f001,true] 28260 --- [http-nio-9898-exec-9] com.nag.elk.ElkStackExampleApplication   : user found : User(id=3, name=Rony)
2021-01-19 17:18:07.099  INFO [ELK-STACK-EXAMPLE,ad2dcd8ad9099526,ad2dcd8ad9099526,true] 28260 --- [http-nio-9898-exec-1] com.nag.elk.ElkStackExampleApplication   : user found : User(id=3, name=Rony)
2021-01-19 17:18:07.360  INFO [ELK-STACK-EXAMPLE,e7f2a339b8fe0531,e7f2a339b8fe0531,true] 28260 --- [http-nio-9898-exec-2] com.nag.elk.ElkStackExampleApplication   : user found : User(id=3, name=Rony)
2021-01-19 17:18:07.626  INFO [ELK-STACK-EXAMPLE,628ae349966d1d7a,628ae349966d1d7a,true] 28260 --- [http-nio-9898-exec-3] com.nag.elk.ElkStackExampleApplication   : user found : User(id=3, name=Rony)
2021-01-19 17:18:07.847  INFO [ELK-STACK-EXAMPLE,0ad51a7e518f50f1,0ad51a7e518f50f1,true] 28260 --- [http-nio-9898-exec-4] com.nag.elk.ElkStackExampleApplication   : user found : User(id=3, name=Rony)
2021-01-19 17:18:08.092  INFO [ELK-STACK-EXAMPLE,2609f409e316dc72,2609f409e316dc72,true] 28260 --- [http-nio-9898-exec-5] com.nag.elk.ElkStackExampleApplication   : user found : User(id=3, name=Rony)
2021-01-19 17:23:37.444  INFO [ELK-STACK-EXAMPLE,d30dfb47fc1b649c,d30dfb47fc1b649c,true] 28260 --- [http-nio-9898-exec-7] com.nag.elk.ElkStackExampleApplication   : user found : User(id=3, name=Rony)
2021-01-19 17:23:37.783  INFO [ELK-STACK-EXAMPLE,6064dc9422a65be9,6064dc9422a65be9,true] 28260 --- [http-nio-9898-exec-8] com.nag.elk.ElkStackExampleApplication   : user found : User(id=3, name=Rony)
2021-01-19 17:23:38.036  INFO [ELK-STACK-EXAMPLE,2841087ccbb4b159,2841087ccbb4b159,true] 28260 --- [http-nio-9898-exec-9] com.nag.elk.ElkStackExampleApplication   : user found : User(id=3, name=Rony)
2021-01-19 17:25:30.083  INFO [ELK-STACK-EXAMPLE,b4e428b7c14dccdb,b4e428b7c14dccdb,true] 28260 --- [http-nio-9898-exec-1] com.nag.elk.ElkStackExampleApplication   : user found : User(id=3, name=Rony)
2021-01-19 17:25:30.352  INFO [ELK-STACK-EXAMPLE,724e94087c8d9721,724e94087c8d9721,true] 28260 --- [http-nio-9898-exec-2] com.nag.elk.ElkStackExampleApplication   : user found : User(id=3, name=Rony)
2021-01-19 17:25:30.551  INFO [ELK-STACK-EXAMPLE,d02e5584ceafc7b1,d02e5584ceafc7b1,true] 28260 --- [http-nio-9898-exec-3] com.nag.elk.ElkStackExampleApplication   : user found : User(id=3, name=Rony)
2021-01-19 17:28:30.355  INFO [ELK-STACK-EXAMPLE,89934f7537f838af,89934f7537f838af,true] 28260 --- [http-nio-9898-exec-5] com.nag.elk.ElkStackExampleApplication   : user found : User(id=3, name=Rony)
2021-01-19 17:28:53.354  INFO [ELK-STACK-EXAMPLE,416a5f7637aa117d,416a5f7637aa117d,true] 28260 --- [http-nio-9898-exec-6] com.nag.elk.ElkStackExampleApplication   : user found : User(id=3, name=Rony)
2021-01-19 17:28:53.356  INFO [ELK-STACK-EXAMPLE,416a5f7637aa117d,416a5f7637aa117d,true] 28260 --- [http-nio-9898-exec-6] com.nag.elk.ElkStackExampleApplication   : user found : User(id=3, name=Rony)
2021-01-19 17:28:53.357  INFO [ELK-STACK-EXAMPLE,416a5f7637aa117d,416a5f7637aa117d,true] 28260 --- [http-nio-9898-exec-6] com.nag.elk.ElkStackExampleApplication   : user found : User(id=3, name=Rony)
